<?xml version="1.0" encoding="UTF-8"?>
<!-- Generated by org.testng.reporters.JUnitReportReporter -->
<testsuite skipped="0" hostname="chaitra" name="com.actitime.test.validloginlogouttest" tests="1" failures="0" timestamp="03 Dec 2018 13:30:16 GMT" time="108.058" errors="0">
  <testcase name="testvalidloginlogout" time="108.058" classname="com.actitime.test.validloginlogouttest"/>
</testsuite> <!-- com.actitime.test.validloginlogouttest -->
